<?xml version="1.0" encoding="UTF-8"?>
<!-- Generated by org.testng.reporters.JUnitReportReporter -->
<testsuite hostname="Lenovo-PC" name="com.myemail.TestDel" tests="1" failures="0" timestamp="10 Aug 2019 13:58:38 GMT" time="13.964" errors="0">
  <testcase name="testSearch" time="13.964" classname="com.myemail.TestDel"/>
</testsuite> <!-- com.myemail.TestDel -->
