<?xml version="1.0" encoding="UTF-8"?>
<!-- Generated by org.testng.reporters.JUnitReportReporter -->
<testsuite hostname="Lenovo-PC" name="com.myemail.TestSearch" tests="1" failures="0" timestamp="11 Aug 2019 03:16:02 GMT" time="13.351" errors="0">
  <testcase name="testSearch" time="13.351" classname="com.myemail.TestSearch"/>
</testsuite> <!-- com.myemail.TestSearch -->
