<?xml version="1.0" encoding="UTF-8"?>
<!-- Generated by org.testng.reporters.JUnitReportReporter -->
<testsuite hostname="Lenovo-PC" name="com.myemail.TestLogin" tests="1" failures="0" timestamp="10 Aug 2019 05:37:05 GMT" time="10.688" errors="0">
  <testcase name="testCase" time="10.688" classname="com.myemail.TestLogin"/>
</testsuite> <!-- com.myemail.TestLogin -->
