<?xml version="1.0" encoding="UTF-8"?>
<!-- Generated by org.testng.reporters.JUnitReportReporter -->
<testsuite hostname="Lenovo-PC" name="com.myemail.TestSendEmail" tests="1" failures="0" timestamp="10 Aug 2019 07:42:06 GMT" time="18.277" errors="0">
  <testcase name="testSendEmail" time="18.277" classname="com.myemail.TestSendEmail"/>
</testsuite> <!-- com.myemail.TestSendEmail -->
