<?xml version="1.0" encoding="UTF-8"?>
<!-- Generated by org.testng.reporters.JUnitReportReporter -->
<testsuite hostname="Lenovo-PC" name="com.myemail.TestLoginModel" tests="1" failures="0" timestamp="11 Aug 2019 03:16:03 GMT" time="8.579" errors="0">
  <testcase name="login" time="8.579" classname="com.myemail.TestLoginModel"/>
</testsuite> <!-- com.myemail.TestLoginModel -->
